<?xml version="1.0" encoding="UTF-8"?>
<testng-results skipped="0" failed="0" total="2" passed="2">
  <reporter-output>
  </reporter-output>
  <suite name="TestServer" duration-ms="7145" started-at="2019-05-27T05:07:06Z" finished-at="2019-05-27T05:07:13Z">
    <groups>
    </groups>
    <test name="Command line test" duration-ms="7145" started-at="2019-05-27T05:07:06Z" finished-at="2019-05-27T05:07:13Z">
      <class name="TestServer">
        <test-method status="PASS" signature="init()[pri:0, instance:TestServer@73f792cf]" name="init" is-config="true" duration-ms="4798" started-at="2019-05-27T10:37:06Z" finished-at="2019-05-27T10:37:10Z">
          <reporter-output>
          </reporter-output>
        </test-method> <!-- init -->
        <test-method status="PASS" signature="testLoadBalance()[pri:0, instance:TestServer@73f792cf]" name="testLoadBalance" duration-ms="315" started-at="2019-05-27T10:37:10Z" finished-at="2019-05-27T10:37:11Z">
          <reporter-output>
          </reporter-output>
        </test-method> <!-- testLoadBalance -->
        <test-method status="PASS" signature="testTitle()[pri:0, instance:TestServer@73f792cf]" name="testTitle" duration-ms="678" started-at="2019-05-27T10:37:11Z" finished-at="2019-05-27T10:37:11Z">
          <reporter-output>
          </reporter-output>
        </test-method> <!-- testTitle -->
        <test-method status="PASS" signature="end()[pri:0, instance:TestServer@73f792cf]" name="end" is-config="true" duration-ms="1343" started-at="2019-05-27T10:37:11Z" finished-at="2019-05-27T10:37:13Z">
          <reporter-output>
          </reporter-output>
        </test-method> <!-- end -->
      </class> <!-- TestServer -->
    </test> <!-- Command line test -->
  </suite> <!-- TestServer -->
</testng-results>
